2026-06-15 02:41:53,392 - INFO - Pipeline started
2026-06-15 02:43:45,369 - INFO - Pre-training done!
2026-06-15 02:47:17,223 - INFO - Training done!
2026-06-15 02:47:21,741 - INFO - Post-Training done!
2026-06-15 02:47:51,481 - INFO - Pre-Testing done!
2026-06-15 02:48:20,812 - INFO - Pipeline completed successfully!
2026-06-15 05:48:30,921 - INFO - Pipeline started
2026-06-15 05:49:54,513 - INFO - Pre-training done!
2026-06-15 05:55:16,141 - INFO - Pipeline started
2026-06-15 06:09:38,040 - INFO - Pipeline started
2026-06-16 05:34:27,921 - INFO - Using configuration: configs/diat_pr.yaml
2026-06-16 05:34:27,947 - INFO - Pipeline started
2026-06-18 05:09:15,630 - INFO - Using configuration: configs/diat_pr.yaml
2026-06-18 05:09:15,631 - INFO - Pipeline started
2026-06-18 05:12:40,932 - INFO - Pre-training done!
2026-06-18 05:16:10,460 - INFO - Training done!
2026-06-18 05:16:15,226 - INFO - Post-Training done!
2026-06-18 05:17:22,192 - INFO - Pre-Testing done!
2026-06-18 05:17:48,841 - INFO - Pipeline completed successfully!
2026-06-18 05:32:55,692 - INFO - Using configuration: configs/diat_pr.yaml
2026-06-18 05:32:55,693 - INFO - Pipeline started
2026-06-18 05:36:13,072 - INFO - Pre-training done!
2026-06-18 05:40:00,570 - INFO - Training done!
2026-06-18 05:40:07,694 - INFO - Post-Training done!
2026-06-18 05:40:43,491 - INFO - Pre-Testing done!
2026-06-18 05:41:14,668 - INFO - Pipeline completed successfully!
2026-06-18 05:48:23,579 - INFO - Using configuration: configs/diat_pr.yaml
2026-06-18 05:48:23,579 - INFO - Pipeline started
2026-06-18 05:54:02,763 - INFO - Pre-training done!
2026-06-18 05:57:38,300 - INFO - Training done!
2026-06-18 05:57:44,724 - INFO - Post-Training done!
2026-06-18 05:58:15,068 - INFO - Pre-Testing done!
2026-06-18 05:58:46,725 - INFO - Pipeline completed successfully!
2026-06-18 06:04:59,175 - INFO - Using configuration: configs/diat_pr.yaml
2026-06-18 06:04:59,175 - INFO - Pipeline started
2026-06-18 06:09:19,285 - INFO - Pre-training done!
2026-06-18 06:12:44,237 - INFO - Training done!
2026-06-18 06:12:48,778 - INFO - Post-Training done!
2026-06-18 06:13:20,158 - INFO - Pre-Testing done!
2026-06-18 06:13:54,305 - INFO - Pipeline completed successfully!
2026-06-18 06:16:43,036 - INFO - Using configuration: configs/diat_pr.yaml
2026-06-18 06:16:43,036 - INFO - Pipeline started
2026-06-18 06:20:14,567 - INFO - Pre-training done!
2026-06-18 06:23:47,170 - INFO - Training done!
2026-06-18 06:23:51,666 - INFO - Post-Training done!
2026-06-18 06:24:22,511 - INFO - Pre-Testing done!
2026-06-18 06:24:51,750 - INFO - Pipeline completed successfully!
2026-06-18 06:24:51,750 - DEBUG - TEST!
